Determining if the pthread_create exist failed with the following output:
Change Dir: /home/chix/catkin-ws/build/CMakeFiles/CMakeTmp

Run Build Command:/usr/bin/make "cmTryCompileExec185352289/fast"
/usr/bin/make -f CMakeFiles/cmTryCompileExec185352289.dir/build.make CMakeFiles/cmTryCompileExec185352289.dir/build
make[1]: Entering directory `/home/chix/catkin-ws/build/CMakeFiles/CMakeTmp'
/usr/bin/cmake -E cmake_progress_report /home/chix/catkin-ws/build/CMakeFiles/CMakeTmp/CMakeFiles 1
Building C object CMakeFiles/cmTryCompileExec185352289.dir/CheckSymbolExists.c.o
/usr/bin/cc    -o CMakeFiles/cmTryCompileExec185352289.dir/CheckSymbolExists.c.o   -c /home/chix/catkin-ws/build/CMakeFiles/CMakeTmp/CheckSymbolExists.c
Linking C executable cmTryCompileExec185352289
/usr/bin/cmake -E cmake_link_script CMakeFiles/cmTryCompileExec185352289.dir/link.txt --verbose=1
/usr/bin/cc       CMakeFiles/cmTryCompileExec185352289.dir/CheckSymbolExists.c.o  -o cmTryCompileExec185352289 -rdynamic 
CMakeFiles/cmTryCompileExec185352289.dir/CheckSymbolExists.c.o: In function `main':
CheckSymbolExists.c:(.text+0x16): undefined reference to `pthread_create'
collect2: error: ld returned 1 exit status
make[1]: Leaving directory `/home/chix/catkin-ws/build/CMakeFiles/CMakeTmp'
make[1]: *** [cmTryCompileExec185352289] Error 1
make: *** [cmTryCompileExec185352289/fast] Error 2

File /home/chix/catkin-ws/build/CMakeFiles/CMakeTmp/CheckSymbolExists.c:
/* */
#include <pthread.h>

int main(int argc, char** argv)
{
  (void)argv;
#ifndef pthread_create
  return ((int*)(&pthread_create))[argc];
#else
  (void)argc;
  return 0;
#endif
}

Determining if the function pthread_create exists in the pthreads failed with the following output:
Change Dir: /home/chix/catkin-ws/build/CMakeFiles/CMakeTmp

Run Build Command:/usr/bin/make "cmTryCompileExec2848921935/fast"
/usr/bin/make -f CMakeFiles/cmTryCompileExec2848921935.dir/build.make CMakeFiles/cmTryCompileExec2848921935.dir/build
make[1]: Entering directory `/home/chix/catkin-ws/build/CMakeFiles/CMakeTmp'
/usr/bin/cmake -E cmake_progress_report /home/chix/catkin-ws/build/CMakeFiles/CMakeTmp/CMakeFiles 1
Building C object CMakeFiles/cmTryCompileExec2848921935.dir/CheckFunctionExists.c.o
/usr/bin/cc   -DCHECK_FUNCTION_EXISTS=pthread_create   -o CMakeFiles/cmTryCompileExec2848921935.dir/CheckFunctionExists.c.o   -c /usr/share/cmake-2.8/Modules/CheckFunctionExists.c
Linking C executable cmTryCompileExec2848921935
/usr/bin/cmake -E cmake_link_script CMakeFiles/cmTryCompileExec2848921935.dir/link.txt --verbose=1
/usr/bin/cc   -DCHECK_FUNCTION_EXISTS=pthread_create    CMakeFiles/cmTryCompileExec2848921935.dir/CheckFunctionExists.c.o  -o cmTryCompileExec2848921935 -rdynamic -lpthreads 
/usr/bin/ld: cannot find -lpthreads
collect2: error: ld returned 1 exit status
make[1]: Leaving directory `/home/chix/catkin-ws/build/CMakeFiles/CMakeTmp'
make[1]: *** [cmTryCompileExec2848921935] Error 1
make: *** [cmTryCompileExec2848921935/fast] Error 2


